
*** Running vivado
    with args -log arithmetic_module.vds -m64 -product Vivado -mode batch -messageDb vivado.pb -notrace -source arithmetic_module.tcl



****** Vivado v2022.2 (64-bit)
  **** SW Build 3671981 on Fri Oct 14 05:00:03 MDT 2022
  **** IP Build 3669848 on Fri Oct 14 08:30:02 MDT 2022
    ** Copyright 1986-2022 Xilinx, Inc. All Rights Reserved.

source arithmetic_module.tcl -notrace
Command: read_checkpoint -auto_incremental -incremental C:/Users/Mateusz/Desktop/studia/AiR/SR/FPGA_Verilog_labs/MP_lab4/MP_lab4_complex_arithmetic_module/MP4_lab4_complex_arithmetic_module.srcs/utils_1/imports/synth_1/arithmetic_module.dcp
INFO: [Vivado 12-5825] Read reference checkpoint from C:/Users/Mateusz/Desktop/studia/AiR/SR/FPGA_Verilog_labs/MP_lab4/MP_lab4_complex_arithmetic_module/MP4_lab4_complex_arithmetic_module.srcs/utils_1/imports/synth_1/arithmetic_module.dcp for incremental synthesis
INFO: [Vivado 12-7989] Please ensure there are no constraint changes
Command: synth_design -top arithmetic_module -part xc7z010clg400-1
Starting synth_design
Attempting to get a license for feature 'Synthesis' and/or device 'xc7z010'
INFO: [Common 17-349] Got license for feature 'Synthesis' and/or device 'xc7z010'
INFO: [Device 21-403] Loading part xc7z010clg400-1
INFO: [Designutils 20-5440] No compile time benefit to using incremental synthesis; A full resynthesis will be run
INFO: [Designutils 20-4379] Flow is switching to default flow due to incremental criteria not met. If you would like to alter this behaviour and have the flow terminate instead, please set the following parameter config_implementation {autoIncr.Synth.RejectBehavior Terminate}
INFO: [Synth 8-7079] Multithreading enabled for synth_design using a maximum of 2 processes.
INFO: [Synth 8-7078] Launching helper process for spawning children vivado processes
INFO: [Synth 8-7075] Helper process launched with PID 17888
INFO: [Synth 8-11241] undeclared symbol 'REGCCE', assumed default net type 'wire' [C:/Xilinx/Vivado/2022.2/data/verilog/src/unimacro/BRAM_SINGLE_MACRO.v:2170]
---------------------------------------------------------------------------------
Starting RTL Elaboration : Time (s): cpu = 00:00:04 ; elapsed = 00:00:07 . Memory (MB): peak = 1218.301 ; gain = 408.289
---------------------------------------------------------------------------------
INFO: [Synth 8-6157] synthesizing module 'arithmetic_module' [C:/Users/Mateusz/Desktop/studia/AiR/SR/FPGA_Verilog_labs/MP_lab4/MP_lab4_complex_arithmetic_module/MP4_lab4_complex_arithmetic_module.srcs/sources_1/new/arithmetic_module.v:23]
INFO: [Synth 8-6157] synthesizing module 'c_add_AB' [C:/Users/Mateusz/Desktop/studia/AiR/SR/FPGA_Verilog_labs/MP_lab4/MP_lab4_complex_arithmetic_module/MP4_lab4_complex_arithmetic_module.runs/synth_1/.Xil/Vivado-34536-LAPTOP-GB8TBGJK/realtime/c_add_AB_stub.v:5]
INFO: [Synth 8-6155] done synthesizing module 'c_add_AB' (0#1) [C:/Users/Mateusz/Desktop/studia/AiR/SR/FPGA_Verilog_labs/MP_lab4/MP_lab4_complex_arithmetic_module/MP4_lab4_complex_arithmetic_module.runs/synth_1/.Xil/Vivado-34536-LAPTOP-GB8TBGJK/realtime/c_add_AB_stub.v:5]
INFO: [Synth 8-6157] synthesizing module 'delay_line' [C:/Users/Mateusz/Desktop/studia/AiR/SR/FPGA_Verilog_labs/MP_lab4/MP_lab4_complex_arithmetic_module/MP4_lab4_complex_arithmetic_module.srcs/sources_1/imports/new/delay_line.v:22]
	Parameter N bound to: 13 - type: integer 
	Parameter DELAY bound to: 2 - type: integer 
INFO: [Synth 8-6157] synthesizing module 'delay_module' [C:/Users/Mateusz/Desktop/studia/AiR/SR/FPGA_Verilog_labs/MP_lab4/MP_lab4_complex_arithmetic_module/MP4_lab4_complex_arithmetic_module.srcs/sources_1/imports/new/delay_module.v:22]
	Parameter N bound to: 12 - type: integer 
INFO: [Synth 8-6155] done synthesizing module 'delay_module' (0#1) [C:/Users/Mateusz/Desktop/studia/AiR/SR/FPGA_Verilog_labs/MP_lab4/MP_lab4_complex_arithmetic_module/MP4_lab4_complex_arithmetic_module.srcs/sources_1/imports/new/delay_module.v:22]
INFO: [Synth 8-6155] done synthesizing module 'delay_line' (0#1) [C:/Users/Mateusz/Desktop/studia/AiR/SR/FPGA_Verilog_labs/MP_lab4/MP_lab4_complex_arithmetic_module/MP4_lab4_complex_arithmetic_module.srcs/sources_1/imports/new/delay_line.v:22]
INFO: [Synth 8-6157] synthesizing module 'mult_ABC' [C:/Users/Mateusz/Desktop/studia/AiR/SR/FPGA_Verilog_labs/MP_lab4/MP_lab4_complex_arithmetic_module/MP4_lab4_complex_arithmetic_module.runs/synth_1/.Xil/Vivado-34536-LAPTOP-GB8TBGJK/realtime/mult_ABC_stub.v:5]
INFO: [Synth 8-6155] done synthesizing module 'mult_ABC' (0#1) [C:/Users/Mateusz/Desktop/studia/AiR/SR/FPGA_Verilog_labs/MP_lab4/MP_lab4_complex_arithmetic_module/MP4_lab4_complex_arithmetic_module.runs/synth_1/.Xil/Vivado-34536-LAPTOP-GB8TBGJK/realtime/mult_ABC_stub.v:5]
INFO: [Synth 8-6157] synthesizing module 'c_add_DE' [C:/Users/Mateusz/Desktop/studia/AiR/SR/FPGA_Verilog_labs/MP_lab4/MP_lab4_complex_arithmetic_module/MP4_lab4_complex_arithmetic_module.runs/synth_1/.Xil/Vivado-34536-LAPTOP-GB8TBGJK/realtime/c_add_DE_stub.v:5]
INFO: [Synth 8-6155] done synthesizing module 'c_add_DE' (0#1) [C:/Users/Mateusz/Desktop/studia/AiR/SR/FPGA_Verilog_labs/MP_lab4/MP_lab4_complex_arithmetic_module/MP4_lab4_complex_arithmetic_module.runs/synth_1/.Xil/Vivado-34536-LAPTOP-GB8TBGJK/realtime/c_add_DE_stub.v:5]
INFO: [Synth 8-6157] synthesizing module 'c_add_EF' [C:/Users/Mateusz/Desktop/studia/AiR/SR/FPGA_Verilog_labs/MP_lab4/MP_lab4_complex_arithmetic_module/MP4_lab4_complex_arithmetic_module.runs/synth_1/.Xil/Vivado-34536-LAPTOP-GB8TBGJK/realtime/c_add_EF_stub.v:5]
INFO: [Synth 8-6155] done synthesizing module 'c_add_EF' (0#1) [C:/Users/Mateusz/Desktop/studia/AiR/SR/FPGA_Verilog_labs/MP_lab4/MP_lab4_complex_arithmetic_module/MP4_lab4_complex_arithmetic_module.runs/synth_1/.Xil/Vivado-34536-LAPTOP-GB8TBGJK/realtime/c_add_EF_stub.v:5]
INFO: [Synth 8-6157] synthesizing module 'mult_DEF' [C:/Users/Mateusz/Desktop/studia/AiR/SR/FPGA_Verilog_labs/MP_lab4/MP_lab4_complex_arithmetic_module/MP4_lab4_complex_arithmetic_module.runs/synth_1/.Xil/Vivado-34536-LAPTOP-GB8TBGJK/realtime/mult_DEF_stub.v:5]
INFO: [Synth 8-6155] done synthesizing module 'mult_DEF' (0#1) [C:/Users/Mateusz/Desktop/studia/AiR/SR/FPGA_Verilog_labs/MP_lab4/MP_lab4_complex_arithmetic_module/MP4_lab4_complex_arithmetic_module.runs/synth_1/.Xil/Vivado-34536-LAPTOP-GB8TBGJK/realtime/mult_DEF_stub.v:5]
INFO: [Synth 8-6157] synthesizing module 'c_add_ABCDEF' [C:/Users/Mateusz/Desktop/studia/AiR/SR/FPGA_Verilog_labs/MP_lab4/MP_lab4_complex_arithmetic_module/MP4_lab4_complex_arithmetic_module.runs/synth_1/.Xil/Vivado-34536-LAPTOP-GB8TBGJK/realtime/c_add_ABCDEF_stub.v:5]
INFO: [Synth 8-6155] done synthesizing module 'c_add_ABCDEF' (0#1) [C:/Users/Mateusz/Desktop/studia/AiR/SR/FPGA_Verilog_labs/MP_lab4/MP_lab4_complex_arithmetic_module/MP4_lab4_complex_arithmetic_module.runs/synth_1/.Xil/Vivado-34536-LAPTOP-GB8TBGJK/realtime/c_add_ABCDEF_stub.v:5]
INFO: [Synth 8-6155] done synthesizing module 'arithmetic_module' (0#1) [C:/Users/Mateusz/Desktop/studia/AiR/SR/FPGA_Verilog_labs/MP_lab4/MP_lab4_complex_arithmetic_module/MP4_lab4_complex_arithmetic_module.srcs/sources_1/new/arithmetic_module.v:23]
---------------------------------------------------------------------------------
Finished RTL Elaboration : Time (s): cpu = 00:00:05 ; elapsed = 00:00:10 . Memory (MB): peak = 1308.508 ; gain = 498.496
---------------------------------------------------------------------------------
---------------------------------------------------------------------------------
Start Handling Custom Attributes
---------------------------------------------------------------------------------
---------------------------------------------------------------------------------
Finished Handling Custom Attributes : Time (s): cpu = 00:00:05 ; elapsed = 00:00:10 . Memory (MB): peak = 1308.508 ; gain = 498.496
---------------------------------------------------------------------------------
---------------------------------------------------------------------------------
Finished RTL Optimization Phase 1 : Time (s): cpu = 00:00:05 ; elapsed = 00:00:10 . Memory (MB): peak = 1308.508 ; gain = 498.496
---------------------------------------------------------------------------------
Netlist sorting complete. Time (s): cpu = 00:00:00 ; elapsed = 00:00:00.003 . Memory (MB): peak = 1308.508 ; gain = 0.000
INFO: [Project 1-570] Preparing netlist for logic optimization

Processing XDC Constraints
Initializing timing engine
Parsing XDC File [c:/Users/Mateusz/Desktop/studia/AiR/SR/FPGA_Verilog_labs/MP_lab4/MP_lab4_complex_arithmetic_module/MP4_lab4_complex_arithmetic_module.gen/sources_1/ip/mult_ABC/mult_ABC/mult_gen_0_in_context.xdc] for cell 'multiplier_ABC'
Finished Parsing XDC File [c:/Users/Mateusz/Desktop/studia/AiR/SR/FPGA_Verilog_labs/MP_lab4/MP_lab4_complex_arithmetic_module/MP4_lab4_complex_arithmetic_module.gen/sources_1/ip/mult_ABC/mult_ABC/mult_gen_0_in_context.xdc] for cell 'multiplier_ABC'
Parsing XDC File [c:/Users/Mateusz/Desktop/studia/AiR/SR/FPGA_Verilog_labs/MP_lab4/MP_lab4_complex_arithmetic_module/MP4_lab4_complex_arithmetic_module.gen/sources_1/ip/c_add_AB/c_add_AB/c_addsub_0_in_context.xdc] for cell 'adder_AB'
Finished Parsing XDC File [c:/Users/Mateusz/Desktop/studia/AiR/SR/FPGA_Verilog_labs/MP_lab4/MP_lab4_complex_arithmetic_module/MP4_lab4_complex_arithmetic_module.gen/sources_1/ip/c_add_AB/c_add_AB/c_addsub_0_in_context.xdc] for cell 'adder_AB'
Parsing XDC File [c:/Users/Mateusz/Desktop/studia/AiR/SR/FPGA_Verilog_labs/MP_lab4/MP_lab4_complex_arithmetic_module/MP4_lab4_complex_arithmetic_module.gen/sources_1/ip/c_add_DE/c_add_DE/c_add_DE_in_context.xdc] for cell 'adder_DE'
Finished Parsing XDC File [c:/Users/Mateusz/Desktop/studia/AiR/SR/FPGA_Verilog_labs/MP_lab4/MP_lab4_complex_arithmetic_module/MP4_lab4_complex_arithmetic_module.gen/sources_1/ip/c_add_DE/c_add_DE/c_add_DE_in_context.xdc] for cell 'adder_DE'
Parsing XDC File [c:/Users/Mateusz/Desktop/studia/AiR/SR/FPGA_Verilog_labs/MP_lab4/MP_lab4_complex_arithmetic_module/MP4_lab4_complex_arithmetic_module.gen/sources_1/ip/c_add_EF/c_add_EF/c_add_EF_in_context.xdc] for cell 'adder_EF'
Finished Parsing XDC File [c:/Users/Mateusz/Desktop/studia/AiR/SR/FPGA_Verilog_labs/MP_lab4/MP_lab4_complex_arithmetic_module/MP4_lab4_complex_arithmetic_module.gen/sources_1/ip/c_add_EF/c_add_EF/c_add_EF_in_context.xdc] for cell 'adder_EF'
Parsing XDC File [c:/Users/Mateusz/Desktop/studia/AiR/SR/FPGA_Verilog_labs/MP_lab4/MP_lab4_complex_arithmetic_module/MP4_lab4_complex_arithmetic_module.gen/sources_1/ip/mult_DEF/mult_DEF/mult_DEF_in_context.xdc] for cell 'multiplier_DEF'
Finished Parsing XDC File [c:/Users/Mateusz/Desktop/studia/AiR/SR/FPGA_Verilog_labs/MP_lab4/MP_lab4_complex_arithmetic_module/MP4_lab4_complex_arithmetic_module.gen/sources_1/ip/mult_DEF/mult_DEF/mult_DEF_in_context.xdc] for cell 'multiplier_DEF'
Parsing XDC File [c:/Users/Mateusz/Desktop/studia/AiR/SR/FPGA_Verilog_labs/MP_lab4/MP_lab4_complex_arithmetic_module/MP4_lab4_complex_arithmetic_module.gen/sources_1/ip/c_add_ABCDEF/c_add_ABCDEF/c_add_ABCDEF_in_context.xdc] for cell 'adder_ABCDEF'
Finished Parsing XDC File [c:/Users/Mateusz/Desktop/studia/AiR/SR/FPGA_Verilog_labs/MP_lab4/MP_lab4_complex_arithmetic_module/MP4_lab4_complex_arithmetic_module.gen/sources_1/ip/c_add_ABCDEF/c_add_ABCDEF/c_add_ABCDEF_in_context.xdc] for cell 'adder_ABCDEF'
Parsing XDC File [C:/Users/Mateusz/Desktop/studia/AiR/SR/FPGA_Verilog_labs/MP_lab4/MP_lab4_complex_arithmetic_module/MP4_lab4_complex_arithmetic_module.srcs/constrs_1/imports/FPGA_Verilog_labs/ZYBO_Master.xdc]
Finished Parsing XDC File [C:/Users/Mateusz/Desktop/studia/AiR/SR/FPGA_Verilog_labs/MP_lab4/MP_lab4_complex_arithmetic_module/MP4_lab4_complex_arithmetic_module.srcs/constrs_1/imports/FPGA_Verilog_labs/ZYBO_Master.xdc]
Parsing XDC File [C:/Users/Mateusz/Desktop/studia/AiR/SR/FPGA_Verilog_labs/MP_lab4/MP_lab4_complex_arithmetic_module/MP4_lab4_complex_arithmetic_module.runs/synth_1/dont_touch.xdc]
Finished Parsing XDC File [C:/Users/Mateusz/Desktop/studia/AiR/SR/FPGA_Verilog_labs/MP_lab4/MP_lab4_complex_arithmetic_module/MP4_lab4_complex_arithmetic_module.runs/synth_1/dont_touch.xdc]
Completed Processing XDC Constraints

Netlist sorting complete. Time (s): cpu = 00:00:00 ; elapsed = 00:00:00 . Memory (MB): peak = 1397.492 ; gain = 0.000
INFO: [Project 1-111] Unisim Transformation Summary:
No Unisim elements were transformed.

Constraint Validation Runtime : Time (s): cpu = 00:00:00 ; elapsed = 00:00:00.008 . Memory (MB): peak = 1397.492 ; gain = 0.000
INFO: [Designutils 20-5440] No compile time benefit to using incremental synthesis; A full resynthesis will be run
INFO: [Designutils 20-4379] Flow is switching to default flow due to incremental criteria not met. If you would like to alter this behaviour and have the flow terminate instead, please set the following parameter config_implementation {autoIncr.Synth.RejectBehavior Terminate}
INFO: [Synth 8-11241] undeclared symbol 'REGCCE', assumed default net type 'wire' [C:/Xilinx/Vivado/2022.2/data/verilog/src/unimacro/BRAM_SINGLE_MACRO.v:2170]
---------------------------------------------------------------------------------
Finished Constraint Validation : Time (s): cpu = 00:00:07 ; elapsed = 00:00:18 . Memory (MB): peak = 1397.492 ; gain = 587.480
---------------------------------------------------------------------------------
---------------------------------------------------------------------------------
Start Loading Part and Timing Information
---------------------------------------------------------------------------------
Loading part: xc7z010clg400-1
---------------------------------------------------------------------------------
Finished Loading Part and Timing Information : Time (s): cpu = 00:00:07 ; elapsed = 00:00:18 . Memory (MB): peak = 1397.492 ; gain = 587.480
---------------------------------------------------------------------------------
---------------------------------------------------------------------------------
Start Applying 'set_property' XDC Constraints
---------------------------------------------------------------------------------
Applied set_property KEEP_HIERARCHY = SOFT for multiplier_ABC. (constraint file  auto generated constraint).
Applied set_property KEEP_HIERARCHY = SOFT for adder_AB. (constraint file  auto generated constraint).
Applied set_property KEEP_HIERARCHY = SOFT for adder_DE. (constraint file  auto generated constraint).
Applied set_property KEEP_HIERARCHY = SOFT for adder_EF. (constraint file  auto generated constraint).
Applied set_property KEEP_HIERARCHY = SOFT for multiplier_DEF. (constraint file  auto generated constraint).
Applied set_property KEEP_HIERARCHY = SOFT for adder_ABCDEF. (constraint file  auto generated constraint).
---------------------------------------------------------------------------------
Finished applying 'set_property' XDC Constraints : Time (s): cpu = 00:00:07 ; elapsed = 00:00:19 . Memory (MB): peak = 1397.492 ; gain = 587.480
---------------------------------------------------------------------------------
---------------------------------------------------------------------------------
Finished RTL Optimization Phase 2 : Time (s): cpu = 00:00:08 ; elapsed = 00:00:19 . Memory (MB): peak = 1397.492 ; gain = 587.480
---------------------------------------------------------------------------------
---------------------------------------------------------------------------------
Start RTL Component Statistics 
---------------------------------------------------------------------------------
Detailed RTL Component Info : 
+---Registers : 
	               13 Bit    Registers := 2     
---------------------------------------------------------------------------------
Finished RTL Component Statistics 
---------------------------------------------------------------------------------
---------------------------------------------------------------------------------
Start Part Resource Summary
---------------------------------------------------------------------------------
Part Resources:
DSPs: 80 (col length:40)
BRAMs: 120 (col length: RAMB18 40 RAMB36 20)
---------------------------------------------------------------------------------
Finished Part Resource Summary
---------------------------------------------------------------------------------
---------------------------------------------------------------------------------
Start Cross Boundary and Area Optimization
---------------------------------------------------------------------------------
WARNING: [Synth 8-7080] Parallel synthesis criteria is not met
---------------------------------------------------------------------------------
Finished Cross Boundary and Area Optimization : Time (s): cpu = 00:00:08 ; elapsed = 00:00:21 . Memory (MB): peak = 1397.492 ; gain = 587.480
---------------------------------------------------------------------------------
---------------------------------------------------------------------------------
Start Applying XDC Timing Constraints
---------------------------------------------------------------------------------
---------------------------------------------------------------------------------
Finished Applying XDC Timing Constraints : Time (s): cpu = 00:00:10 ; elapsed = 00:00:27 . Memory (MB): peak = 1397.492 ; gain = 587.480
---------------------------------------------------------------------------------
---------------------------------------------------------------------------------
Start Timing Optimization
---------------------------------------------------------------------------------
---------------------------------------------------------------------------------
Finished Timing Optimization : Time (s): cpu = 00:00:10 ; elapsed = 00:00:27 . Memory (MB): peak = 1397.492 ; gain = 587.480
---------------------------------------------------------------------------------
---------------------------------------------------------------------------------
Start Technology Mapping
---------------------------------------------------------------------------------
---------------------------------------------------------------------------------
Finished Technology Mapping : Time (s): cpu = 00:00:10 ; elapsed = 00:00:27 . Memory (MB): peak = 1397.492 ; gain = 587.480
---------------------------------------------------------------------------------
---------------------------------------------------------------------------------
Start IO Insertion
---------------------------------------------------------------------------------
---------------------------------------------------------------------------------
Start Flattening Before IO Insertion
---------------------------------------------------------------------------------
---------------------------------------------------------------------------------
Finished Flattening Before IO Insertion
---------------------------------------------------------------------------------
---------------------------------------------------------------------------------
Start Final Netlist Cleanup
---------------------------------------------------------------------------------
---------------------------------------------------------------------------------
Finished Final Netlist Cleanup
---------------------------------------------------------------------------------
---------------------------------------------------------------------------------
Finished IO Insertion : Time (s): cpu = 00:00:12 ; elapsed = 00:00:34 . Memory (MB): peak = 1397.492 ; gain = 587.480
---------------------------------------------------------------------------------
---------------------------------------------------------------------------------
Start Renaming Generated Instances
---------------------------------------------------------------------------------
---------------------------------------------------------------------------------
Finished Renaming Generated Instances : Time (s): cpu = 00:00:12 ; elapsed = 00:00:34 . Memory (MB): peak = 1397.492 ; gain = 587.480
---------------------------------------------------------------------------------
---------------------------------------------------------------------------------
Start Rebuilding User Hierarchy
---------------------------------------------------------------------------------
---------------------------------------------------------------------------------
Finished Rebuilding User Hierarchy : Time (s): cpu = 00:00:12 ; elapsed = 00:00:34 . Memory (MB): peak = 1397.492 ; gain = 587.480
---------------------------------------------------------------------------------
---------------------------------------------------------------------------------
Start Renaming Generated Ports
---------------------------------------------------------------------------------
---------------------------------------------------------------------------------
Finished Renaming Generated Ports : Time (s): cpu = 00:00:12 ; elapsed = 00:00:34 . Memory (MB): peak = 1397.492 ; gain = 587.480
---------------------------------------------------------------------------------
---------------------------------------------------------------------------------
Start Handling Custom Attributes
---------------------------------------------------------------------------------
---------------------------------------------------------------------------------
Finished Handling Custom Attributes : Time (s): cpu = 00:00:12 ; elapsed = 00:00:34 . Memory (MB): peak = 1397.492 ; gain = 587.480
---------------------------------------------------------------------------------
---------------------------------------------------------------------------------
Start Renaming Generated Nets
---------------------------------------------------------------------------------
---------------------------------------------------------------------------------
Finished Renaming Generated Nets : Time (s): cpu = 00:00:12 ; elapsed = 00:00:34 . Memory (MB): peak = 1397.492 ; gain = 587.480
---------------------------------------------------------------------------------
---------------------------------------------------------------------------------
Start Writing Synthesis Report
---------------------------------------------------------------------------------

Report BlackBoxes: 
+------+--------------+----------+
|      |BlackBox name |Instances |
+------+--------------+----------+
|1     |c_add_AB      |         1|
|2     |mult_ABC      |         1|
|3     |c_add_DE      |         1|
|4     |c_add_EF      |         1|
|5     |mult_DEF      |         1|
|6     |c_add_ABCDEF  |         1|
+------+--------------+----------+

Report Cell Usage: 
+------+-------------+------+
|      |Cell         |Count |
+------+-------------+------+
|1     |c_add_AB     |     1|
|2     |c_add_ABCDEF |     1|
|3     |c_add_DE     |     1|
|4     |c_add_EF     |     1|
|5     |mult_ABC     |     1|
|6     |mult_DEF     |     1|
|7     |BUFG         |     1|
|8     |FDRE         |    24|
|9     |IBUF         |    81|
|10    |OBUF         |   165|
+------+-------------+------+
---------------------------------------------------------------------------------
Finished Writing Synthesis Report : Time (s): cpu = 00:00:12 ; elapsed = 00:00:34 . Memory (MB): peak = 1397.492 ; gain = 587.480
---------------------------------------------------------------------------------
Synthesis finished with 0 errors, 0 critical warnings and 1 warnings.
Synthesis Optimization Runtime : Time (s): cpu = 00:00:06 ; elapsed = 00:00:32 . Memory (MB): peak = 1397.492 ; gain = 498.496
Synthesis Optimization Complete : Time (s): cpu = 00:00:12 ; elapsed = 00:00:34 . Memory (MB): peak = 1397.492 ; gain = 587.480
INFO: [Project 1-571] Translating synthesized netlist
Netlist sorting complete. Time (s): cpu = 00:00:00 ; elapsed = 00:00:00.004 . Memory (MB): peak = 1397.492 ; gain = 0.000
INFO: [Project 1-570] Preparing netlist for logic optimization
INFO: [Opt 31-138] Pushed 0 inverter(s) to 0 load pin(s).
Netlist sorting complete. Time (s): cpu = 00:00:00 ; elapsed = 00:00:00 . Memory (MB): peak = 1397.492 ; gain = 0.000
INFO: [Project 1-111] Unisim Transformation Summary:
No Unisim elements were transformed.

Synth Design complete, checksum: 9c4fe6b3
INFO: [Common 17-83] Releasing license: Synthesis
38 Infos, 1 Warnings, 0 Critical Warnings and 0 Errors encountered.
synth_design completed successfully
synth_design: Time (s): cpu = 00:00:14 ; elapsed = 00:00:41 . Memory (MB): peak = 1397.492 ; gain = 967.449
INFO: [Common 17-1381] The checkpoint 'C:/Users/Mateusz/Desktop/studia/AiR/SR/FPGA_Verilog_labs/MP_lab4/MP_lab4_complex_arithmetic_module/MP4_lab4_complex_arithmetic_module.runs/synth_1/arithmetic_module.dcp' has been generated.
INFO: [runtcl-4] Executing : report_utilization -file arithmetic_module_utilization_synth.rpt -pb arithmetic_module_utilization_synth.pb
INFO: [Common 17-206] Exiting Vivado at Wed Apr  3 22:05:56 2024...
